<?xml version="1.0" encoding="UTF-8"?>
<!-- Generated by org.testng.reporters.JUnitXMLReporter -->
<testsuite ignored="2" hostname="RRS.local" failures="0" tests="1" name="Test" time="25.078" errors="0" timestamp="2023-03-27T12:23:20 IST">
  <testcase classname="test.LoginTest" name="verify_invalid_Email" time="5.389"/>
  <testcase classname="test.LoginTest" name="verify_invalid_password" time="0.0">
    <ignored/>
  </testcase> <!-- verify_invalid_password -->
  <testcase classname="test.LoginTest" name="verify_Valid_Credentials" time="0.0">
    <ignored/>
  </testcase> <!-- verify_Valid_Credentials -->
</testsuite> <!-- Test -->
