<?xml version="1.0" encoding="UTF-8"?>
<testng-results ignored="2" total="3" passed="1" failed="0" skipped="0">
  <reporter-output>
  </reporter-output>
  <suite started-at="2023-03-27T12:22:50 IST" name="Suite" finished-at="2023-03-27T12:23:15 IST" duration-ms="25078">
    <groups>
    </groups>
    <test started-at="2023-03-27T12:22:50 IST" name="Test" finished-at="2023-03-27T12:23:15 IST" duration-ms="25078">
      <class name="test.LoginTest">
        <test-method is-config="true" signature="beforeclass(java.lang.String)[pri:0, instance:test.LoginTest@708f5957]" started-at="2023-03-27T12:22:50 IST" name="beforeclass" finished-at="2023-03-27T12:23:08 IST" duration-ms="18188" status="PASS">
          <params>
            <param index="0">
              <value>
                <![CDATA[chrome]]>
              </value>
            </param>
          </params>
          <reporter-output>
          </reporter-output>
        </test-method> <!-- beforeclass -->
        <test-method is-config="true" signature="beforeMethod()[pri:0, instance:test.LoginTest@708f5957]" started-at="2023-03-27T12:23:09 IST" name="beforeMethod" finished-at="2023-03-27T12:23:09 IST" duration-ms="37" status="PASS">
          <reporter-output>
          </reporter-output>
        </test-method> <!-- beforeMethod -->
        <test-method signature="verify_invalid_Email()[pri:2, instance:test.LoginTest@708f5957]" started-at="2023-03-27T12:23:09 IST" name="verify_invalid_Email" finished-at="2023-03-27T12:23:14 IST" duration-ms="5389" status="PASS">
          <reporter-output>
          </reporter-output>
        </test-method> <!-- verify_invalid_Email -->
        <test-method is-config="true" signature="aftermethod(org.testng.ITestResult)[pri:0, instance:test.LoginTest@708f5957]" started-at="2023-03-27T12:23:14 IST" name="aftermethod" finished-at="2023-03-27T12:23:15 IST" duration-ms="965" status="PASS">
          <params>
            <param index="0">
              <value>
                <![CDATA[[TestResult name=verify_invalid_Email status=SUCCESS method=LoginTest.verify_invalid_Email()[pri:2, instance:test.LoginTest@708f5957] output={null}]]]>
              </value>
            </param>
          </params>
          <reporter-output>
          </reporter-output>
        </test-method> <!-- aftermethod -->
        <test-method is-config="true" signature="teardown()[pri:0, instance:test.LoginTest@708f5957]" started-at="2023-03-27T12:23:15 IST" name="teardown" finished-at="2023-03-27T12:23:15 IST" duration-ms="404" status="PASS">
          <reporter-output>
          </reporter-output>
        </test-method> <!-- teardown -->
      </class> <!-- test.LoginTest -->
    </test> <!-- Test -->
  </suite> <!-- Suite -->
</testng-results>
